# JRE version: OpenJDK Runtime Environment (17.0.11) (build 17.0.11+0--11852314)
# Java VM: OpenJDK 64-Bit Server VM (17.0.11+0--11852314, mixed mode, tiered, compressed oops, compressed class ptrs, g1 gc, windows-amd64)
GC Precious Log:
 CPUs: 16 total, 16 available
 Memory: 16085M
 Large Page Support: Disabled
 NUMA Support: Disabled
 Compressed Oops: Enabled (32-bit)
 Heap Region Size: 1M
 Heap Min Capacity: 8M
 Heap Initial Capacity: 252M
 Heap Max Capacity: 2G
 Pre-touch: Disabled
 Parallel Workers: 13
 Concurrent Workers: 3
 Concurrent Refinement Workers: 13
 Periodic GC: Disabled
Heap:
 garbage-first heap   total 364544K, used 168360K [0x0000000080000000, 0x0000000100000000)
  region size 1024K, 10 young (10240K), 10 survivors (10240K)
 Metaspace       used 165055K, committed 166144K, reserved 1245184K
  class space    used 22272K, committed 22784K, reserved 1048576K
GC Heap History (20 events):
Event: 1845.500 GC heap after
{Heap after GC invocations=63 (full 0):
 garbage-first heap   total 345088K, used 135947K [0x0000000080000000, 0x0000000100000000)
  region size 1024K, 1 young (1024K), 1 survivors (1024K)
 Metaspace       used 159712K, committed 160832K, reserved 1245184K
  class space    used 21883K, committed 22464K, reserved 1048576K
}
Event: 1845.794 GC heap before
{Heap before GC invocations=63 (full 0):
 garbage-first heap   total 345088K, used 159499K [0x0000000080000000, 0x0000000100000000)
  region size 1024K, 25 young (25600K), 1 survivors (1024K)
 Metaspace       used 159840K, committed 160960K, reserved 1245184K
  class space    used 21898K, committed 22464K, reserved 1048576K
}
Event: 1845.798 GC heap after
{Heap after GC invocations=64 (full 0):
 garbage-first heap   total 345088K, used 140258K [0x0000000080000000, 0x0000000100000000)
  region size 1024K, 6 young (6144K), 6 survivors (6144K)
 Metaspace       used 159840K, committed 160960K, reserved 1245184K
  class space    used 21898K, committed 22464K, reserved 1048576K
}
Event: 1846.864 GC heap before
{Heap before GC invocations=65 (full 0):
 garbage-first heap   total 345088K, used 276450K [0x0000000080000000, 0x0000000100000000)
  region size 1024K, 139 young (142336K), 6 survivors (6144K)
 Metaspace       used 162551K, committed 163648K, reserved 1245184K
  class space    used 22084K, committed 22592K, reserved 1048576K
}
Event: 1846.869 GC heap after
{Heap after GC invocations=66 (full 0):
 garbage-first heap   total 345088K, used 140552K [0x0000000080000000, 0x0000000100000000)
  region size 1024K, 9 young (9216K), 9 survivors (9216K)
 Metaspace       used 162551K, committed 163648K, reserved 1245184K
  class space    used 22084K, committed 22592K, reserved 1048576K
}
Event: 1846.878 GC heap before
{Heap before GC invocations=66 (full 0):
 garbage-first heap   total 345088K, used 146696K [0x0000000080000000, 0x0000000100000000)
  region size 1024K, 16 young (16384K), 9 survivors (9216K)
 Metaspace       used 162562K, committed 163648K, reserved 1245184K
  class space    used 22086K, committed 22592K, reserved 1048576K
}
Event: 1846.884 GC heap after
{Heap after GC invocations=67 (full 0):
 garbage-first heap   total 345088K, used 132277K [0x0000000080000000, 0x0000000100000000)
  region size 1024K, 2 young (2048K), 2 survivors (2048K)
 Metaspace       used 162562K, committed 163648K, reserved 1245184K
  class space    used 22086K, committed 22592K, reserved 1048576K
}
Event: 1847.334 GC heap before
{Heap before GC invocations=67 (full 0):
 garbage-first heap   total 345088K, used 274613K [0x0000000080000000, 0x0000000100000000)
  region size 1024K, 143 young (146432K), 2 survivors (2048K)
 Metaspace       used 162831K, committed 163968K, reserved 1245184K
  class space    used 22104K, committed 22656K, reserved 1048576K
}
Event: 1847.340 GC heap after
{Heap after GC invocations=68 (full 0):
 garbage-first heap   total 345088K, used 138730K [0x0000000080000000, 0x0000000100000000)
  region size 1024K, 8 young (8192K), 8 survivors (8192K)
 Metaspace       used 162831K, committed 163968K, reserved 1245184K
  class space    used 22104K, committed 22656K, reserved 1048576K
}
Event: 1907.477 GC heap before
{Heap before GC invocations=69 (full 0):
 garbage-first heap   total 345088K, used 306666K [0x0000000080000000, 0x0000000100000000)
  region size 1024K, 145 young (148480K), 8 survivors (8192K)
 Metaspace       used 163396K, committed 164480K, reserved 1245184K
  class space    used 22146K, committed 22656K, reserved 1048576K
}
Event: 1907.484 GC heap after
{Heap after GC invocations=70 (full 0):
 garbage-first heap   total 345088K, used 141472K [0x0000000080000000, 0x0000000100000000)
  region size 1024K, 11 young (11264K), 11 survivors (11264K)
 Metaspace       used 163396K, committed 164480K, reserved 1245184K
  class space    used 22146K, committed 22656K, reserved 1048576K
}
Event: 1907.557 GC heap before
{Heap before GC invocations=70 (full 0):
 garbage-first heap   total 345088K, used 146592K [0x0000000080000000, 0x0000000100000000)
  region size 1024K, 16 young (16384K), 11 survivors (11264K)
 Metaspace       used 163685K, committed 164800K, reserved 1245184K
  class space    used 22178K, committed 22720K, reserved 1048576K
}
Event: 1907.566 GC heap after
{Heap after GC invocations=71 (full 0):
 garbage-first heap   total 345088K, used 139536K [0x0000000080000000, 0x0000000100000000)
  region size 1024K, 2 young (2048K), 2 survivors (2048K)
 Metaspace       used 163685K, committed 164800K, reserved 1245184K
  class space    used 22178K, committed 22720K, reserved 1048576K
}
Event: 1909.220 GC heap before
{Heap before GC invocations=71 (full 0):
 garbage-first heap   total 345088K, used 225552K [0x0000000080000000, 0x0000000100000000)
  region size 1024K, 88 young (90112K), 2 survivors (2048K)
 Metaspace       used 164474K, committed 165632K, reserved 1245184K
  class space    used 22247K, committed 22784K, reserved 1048576K
}
Event: 1909.224 GC heap after
{Heap after GC invocations=72 (full 0):
 garbage-first heap   total 345088K, used 144391K [0x0000000080000000, 0x0000000100000000)
  region size 1024K, 7 young (7168K), 7 survivors (7168K)
 Metaspace       used 164474K, committed 165632K, reserved 1245184K
  class space    used 22247K, committed 22784K, reserved 1048576K
}
Event: 2170.653 GC heap before
{Heap before GC invocations=73 (full 0):
 garbage-first heap   total 345088K, used 323591K [0x0000000080000000, 0x0000000100000000)
  region size 1024K, 140 young (143360K), 7 survivors (7168K)
 Metaspace       used 164714K, committed 165824K, reserved 1245184K
  class space    used 22255K, committed 22784K, reserved 1048576K
}
Event: 2170.674 GC heap after
{Heap after GC invocations=74 (full 0):
 garbage-first heap   total 364544K, used 176385K [0x0000000080000000, 0x0000000100000000)
  region size 1024K, 18 young (18432K), 18 survivors (18432K)
 Metaspace       used 164714K, committed 165824K, reserved 1245184K
  class space    used 22255K, committed 22784K, reserved 1048576K
}
Event: 2170.693 GC heap before
{Heap before GC invocations=74 (full 0):
 garbage-first heap   total 364544K, used 182529K [0x0000000080000000, 0x0000000100000000)
  region size 1024K, 19 young (19456K), 18 survivors (18432K)
 Metaspace       used 164724K, committed 165824K, reserved 1245184K
  class space    used 22255K, committed 22784K, reserved 1048576K
}
Event: 2170.704 GC heap after
{Heap after GC invocations=75 (full 0):
 garbage-first heap   total 364544K, used 160657K [0x0000000080000000, 0x0000000100000000)
  region size 1024K, 3 young (3072K), 3 survivors (3072K)
 Metaspace       used 164724K, committed 165824K, reserved 1245184K
  class space    used 22255K, committed 22784K, reserved 1048576K
}
Event: 2172.512 GC heap before
{Heap before GC invocations=75 (full 0):
 garbage-first heap   total 364544K, used 259985K [0x0000000080000000, 0x0000000100000000)
  region size 1024K, 102 young (104448K), 3 survivors (3072K)
 Metaspace       used 165055K, committed 166144K, reserved 1245184K
  class space    used 22272K, committed 22784K, reserved 1048576K
}

