# JRE version: OpenJDK Runtime Environment (17.0.11) (build 17.0.11+0--11852314)
# Java VM: OpenJDK 64-Bit Server VM (17.0.11+0--11852314, mixed mode, tiered, compressed oops, compressed class ptrs, g1 gc, windows-amd64)
GC Precious Log:
 CPUs: 16 total, 16 available
 Memory: 16085M
 Large Page Support: Disabled
 NUMA Support: Disabled
 Compressed Oops: Enabled (32-bit)
 Heap Region Size: 1M
 Heap Min Capacity: 8M
 Heap Initial Capacity: 252M
 Heap Max Capacity: 2G
 Pre-touch: Disabled
 Parallel Workers: 13
 Concurrent Workers: 3
 Concurrent Refinement Workers: 13
 Periodic GC: Disabled
Heap:
 garbage-first heap   total 281600K, used 131891K [0x0000000080000000, 0x0000000100000000)
  region size 1024K, 11 young (11264K), 11 survivors (11264K)
 Metaspace       used 112526K, committed 113536K, reserved 1179648K
  class space    used 15123K, committed 15616K, reserved 1048576K
GC Heap History (20 events):
Event: 230.072 GC heap after
{Heap after GC invocations=44 (full 0):
 garbage-first heap   total 281600K, used 143429K [0x0000000080000000, 0x0000000100000000)
  region size 1024K, 10 young (10240K), 10 survivors (10240K)
 Metaspace       used 108234K, committed 109120K, reserved 1179648K
  class space    used 14658K, committed 15104K, reserved 1048576K
}
Event: 230.090 GC heap before
{Heap before GC invocations=44 (full 0):
 garbage-first heap   total 281600K, used 145477K [0x0000000080000000, 0x0000000100000000)
  region size 1024K, 13 young (13312K), 10 survivors (10240K)
 Metaspace       used 108239K, committed 109184K, reserved 1179648K
  class space    used 14658K, committed 15104K, reserved 1048576K
}
Event: 230.099 GC heap after
{Heap after GC invocations=45 (full 0):
 garbage-first heap   total 281600K, used 136322K [0x0000000080000000, 0x0000000100000000)
  region size 1024K, 2 young (2048K), 2 survivors (2048K)
 Metaspace       used 108239K, committed 109184K, reserved 1179648K
  class space    used 14658K, committed 15104K, reserved 1048576K
}
Event: 230.156 GC heap before
{Heap before GC invocations=45 (full 0):
 garbage-first heap   total 281600K, used 142466K [0x0000000080000000, 0x0000000100000000)
  region size 1024K, 10 young (10240K), 2 survivors (2048K)
 Metaspace       used 108272K, committed 109184K, reserved 1179648K
  class space    used 14661K, committed 15104K, reserved 1048576K
}
Event: 230.159 GC heap after
{Heap after GC invocations=46 (full 0):
 garbage-first heap   total 281600K, used 135652K [0x0000000080000000, 0x0000000100000000)
  region size 1024K, 1 young (1024K), 1 survivors (1024K)
 Metaspace       used 108272K, committed 109184K, reserved 1179648K
  class space    used 14661K, committed 15104K, reserved 1048576K
}
Event: 231.928 GC heap before
{Heap before GC invocations=47 (full 0):
 garbage-first heap   total 281600K, used 247268K [0x0000000080000000, 0x0000000100000000)
  region size 1024K, 90 young (92160K), 1 survivors (1024K)
 Metaspace       used 108582K, committed 109504K, reserved 1179648K
  class space    used 14676K, committed 15104K, reserved 1048576K
}
Event: 231.933 GC heap after
{Heap after GC invocations=48 (full 0):
 garbage-first heap   total 281600K, used 131862K [0x0000000080000000, 0x0000000100000000)
  region size 1024K, 8 young (8192K), 8 survivors (8192K)
 Metaspace       used 108582K, committed 109504K, reserved 1179648K
  class space    used 14676K, committed 15104K, reserved 1048576K
}
Event: 231.952 GC heap before
{Heap before GC invocations=48 (full 0):
 garbage-first heap   total 281600K, used 136982K [0x0000000080000000, 0x0000000100000000)
  region size 1024K, 13 young (13312K), 8 survivors (8192K)
 Metaspace       used 108599K, committed 109504K, reserved 1179648K
  class space    used 14676K, committed 15104K, reserved 1048576K
}
Event: 231.958 GC heap after
{Heap after GC invocations=49 (full 0):
 garbage-first heap   total 281600K, used 108500K [0x0000000080000000, 0x0000000100000000)
  region size 1024K, 2 young (2048K), 2 survivors (2048K)
 Metaspace       used 108599K, committed 109504K, reserved 1179648K
  class space    used 14676K, committed 15104K, reserved 1048576K
}
Event: 231.997 GC heap before
{Heap before GC invocations=49 (full 0):
 garbage-first heap   total 281600K, used 118740K [0x0000000080000000, 0x0000000100000000)
  region size 1024K, 13 young (13312K), 2 survivors (2048K)
 Metaspace       used 108612K, committed 109568K, reserved 1179648K
  class space    used 14676K, committed 15104K, reserved 1048576K
}
Event: 232.000 GC heap after
{Heap after GC invocations=50 (full 0):
 garbage-first heap   total 281600K, used 109882K [0x0000000080000000, 0x0000000100000000)
  region size 1024K, 2 young (2048K), 2 survivors (2048K)
 Metaspace       used 108612K, committed 109568K, reserved 1179648K
  class space    used 14676K, committed 15104K, reserved 1048576K
}
Event: 1913.601 GC heap before
{Heap before GC invocations=50 (full 0):
 garbage-first heap   total 281600K, used 243002K [0x0000000080000000, 0x0000000100000000)
  region size 1024K, 111 young (113664K), 2 survivors (2048K)
 Metaspace       used 109008K, committed 109952K, reserved 1179648K
  class space    used 14681K, committed 15168K, reserved 1048576K
}
Event: 1913.618 GC heap after
{Heap after GC invocations=51 (full 0):
 garbage-first heap   total 281600K, used 113950K [0x0000000080000000, 0x0000000100000000)
  region size 1024K, 6 young (6144K), 6 survivors (6144K)
 Metaspace       used 109008K, committed 109952K, reserved 1179648K
  class space    used 14681K, committed 15168K, reserved 1048576K
}
Event: 1913.951 GC heap before
{Heap before GC invocations=51 (full 0):
 garbage-first heap   total 281600K, used 143646K [0x0000000080000000, 0x0000000100000000)
  region size 1024K, 37 young (37888K), 6 survivors (6144K)
 Metaspace       used 109150K, committed 110080K, reserved 1179648K
  class space    used 14688K, committed 15168K, reserved 1048576K
}
Event: 1913.961 GC heap after
{Heap after GC invocations=52 (full 0):
 garbage-first heap   total 281600K, used 117461K [0x0000000080000000, 0x0000000100000000)
  region size 1024K, 10 young (10240K), 10 survivors (10240K)
 Metaspace       used 109150K, committed 110080K, reserved 1179648K
  class space    used 14688K, committed 15168K, reserved 1048576K
}
Event: 1915.813 GC heap before
{Heap before GC invocations=53 (full 0):
 garbage-first heap   total 281600K, used 250581K [0x0000000080000000, 0x0000000100000000)
  region size 1024K, 110 young (112640K), 10 survivors (10240K)
 Metaspace       used 109374K, committed 110336K, reserved 1179648K
  class space    used 14707K, committed 15168K, reserved 1048576K
}
Event: 1915.829 GC heap after
{Heap after GC invocations=54 (full 0):
 garbage-first heap   total 281600K, used 124426K [0x0000000080000000, 0x0000000100000000)
  region size 1024K, 12 young (12288K), 12 survivors (12288K)
 Metaspace       used 109374K, committed 110336K, reserved 1179648K
  class space    used 14707K, committed 15168K, reserved 1048576K
}
Event: 1915.831 GC heap before
{Heap before GC invocations=54 (full 0):
 garbage-first heap   total 281600K, used 125450K [0x0000000080000000, 0x0000000100000000)
  region size 1024K, 13 young (13312K), 12 survivors (12288K)
 Metaspace       used 109374K, committed 110336K, reserved 1179648K
  class space    used 14707K, committed 15168K, reserved 1048576K
}
Event: 1915.840 GC heap after
{Heap after GC invocations=55 (full 0):
 garbage-first heap   total 281600K, used 122276K [0x0000000080000000, 0x0000000100000000)
  region size 1024K, 2 young (2048K), 2 survivors (2048K)
 Metaspace       used 109374K, committed 110336K, reserved 1179648K
  class space    used 14707K, committed 15168K, reserved 1048576K
}
Event: 1916.734 GC heap before
{Heap before GC invocations=55 (full 0):
 garbage-first heap   total 281600K, used 220580K [0x0000000080000000, 0x0000000100000000)
  region size 1024K, 99 young (101376K), 2 survivors (2048K)
 Metaspace       used 112526K, committed 113536K, reserved 1179648K
  class space    used 15123K, committed 15616K, reserved 1048576K
}

