# JRE version: OpenJDK Runtime Environment (17.0.11) (build 17.0.11+0--11852314)
# Java VM: OpenJDK 64-Bit Server VM (17.0.11+0--11852314, mixed mode, tiered, compressed oops, compressed class ptrs, g1 gc, windows-amd64)
GC Precious Log:
 CPUs: 16 total, 16 available
 Memory: 16085M
 Large Page Support: Disabled
 NUMA Support: Disabled
 Compressed Oops: Enabled (32-bit)
 Heap Region Size: 1M
 Heap Min Capacity: 8M
 Heap Initial Capacity: 252M
 Heap Max Capacity: 2G
 Pre-touch: Disabled
 Parallel Workers: 13
 Concurrent Workers: 3
 Concurrent Refinement Workers: 13
 Periodic GC: Disabled
Heap:
 garbage-first heap   total 512000K, used 168466K [0x0000000080000000, 0x0000000100000000)
  region size 1024K, 41 young (41984K), 6 survivors (6144K)
 Metaspace       used 164413K, committed 171520K, reserved 1376256K
  class space    used 20990K, committed 23360K, reserved 1048576K
GC Heap History (20 events):
Event: 11469.755 GC heap before
{Heap before GC invocations=248 (full 0):
 garbage-first heap   total 516096K, used 340358K [0x0000000080000000, 0x0000000100000000)
  region size 1024K, 192 young (196608K), 3 survivors (3072K)
 Metaspace       used 178014K, committed 180288K, reserved 1376256K
  class space    used 22102K, committed 23424K, reserved 1048576K
}
Event: 11469.762 GC heap after
{Heap after GC invocations=249 (full 0):
 garbage-first heap   total 516096K, used 154118K [0x0000000080000000, 0x0000000100000000)
  region size 1024K, 10 young (10240K), 10 survivors (10240K)
 Metaspace       used 178014K, committed 180288K, reserved 1376256K
  class space    used 22102K, committed 23424K, reserved 1048576K
}
Event: 14674.919 GC heap before
{Heap before GC invocations=250 (full 0):
 garbage-first heap   total 516096K, used 377163K [0x0000000080000000, 0x0000000100000000)
  region size 1024K, 208 young (212992K), 10 survivors (10240K)
 Metaspace       used 180312K, committed 182400K, reserved 1376256K
  class space    used 22273K, committed 23424K, reserved 1048576K
}
Event: 14674.962 GC heap after
{Heap after GC invocations=251 (full 0):
 garbage-first heap   total 516096K, used 149863K [0x0000000080000000, 0x0000000100000000)
  region size 1024K, 5 young (5120K), 5 survivors (5120K)
 Metaspace       used 180312K, committed 182400K, reserved 1376256K
  class space    used 22273K, committed 23424K, reserved 1048576K
}
Event: 14675.196 GC heap before
{Heap before GC invocations=251 (full 0):
 garbage-first heap   total 516096K, used 169319K [0x0000000080000000, 0x0000000100000000)
  region size 1024K, 25 young (25600K), 5 survivors (5120K)
 Metaspace       used 180312K, committed 182400K, reserved 1376256K
  class space    used 22273K, committed 23424K, reserved 1048576K
}
Event: 14675.244 GC heap after
{Heap after GC invocations=252 (full 0):
 garbage-first heap   total 516096K, used 128712K [0x0000000080000000, 0x0000000100000000)
  region size 1024K, 3 young (3072K), 3 survivors (3072K)
 Metaspace       used 180312K, committed 182400K, reserved 1376256K
  class space    used 22273K, committed 23424K, reserved 1048576K
}
Event: 14675.674 GC heap before
{Heap before GC invocations=252 (full 0):
 garbage-first heap   total 516096K, used 173768K [0x0000000080000000, 0x0000000100000000)
  region size 1024K, 49 young (50176K), 3 survivors (3072K)
 Metaspace       used 180326K, committed 182464K, reserved 1376256K
  class space    used 22273K, committed 23424K, reserved 1048576K
}
Event: 14675.683 GC heap after
{Heap after GC invocations=253 (full 0):
 garbage-first heap   total 516096K, used 134046K [0x0000000080000000, 0x0000000100000000)
  region size 1024K, 8 young (8192K), 8 survivors (8192K)
 Metaspace       used 180326K, committed 182464K, reserved 1376256K
  class space    used 22273K, committed 23424K, reserved 1048576K
}
Event: 14679.493 GC heap before
{Heap before GC invocations=254 (full 0):
 garbage-first heap   total 488448K, used 405406K [0x0000000080000000, 0x0000000100000000)
  region size 1024K, 239 young (244736K), 8 survivors (8192K)
 Metaspace       used 166771K, committed 171456K, reserved 1376256K
  class space    used 21207K, committed 23360K, reserved 1048576K
}
Event: 14679.508 GC heap after
{Heap after GC invocations=255 (full 0):
 garbage-first heap   total 488448K, used 142212K [0x0000000080000000, 0x0000000100000000)
  region size 1024K, 16 young (16384K), 16 survivors (16384K)
 Metaspace       used 166771K, committed 171456K, reserved 1376256K
  class space    used 21207K, committed 23360K, reserved 1048576K
}
Event: 14679.512 GC heap before
{Heap before GC invocations=255 (full 0):
 garbage-first heap   total 488448K, used 148356K [0x0000000080000000, 0x0000000100000000)
  region size 1024K, 23 young (23552K), 16 survivors (16384K)
 Metaspace       used 166775K, committed 171456K, reserved 1376256K
  class space    used 21207K, committed 23360K, reserved 1048576K
}
Event: 14679.529 GC heap after
{Heap after GC invocations=256 (full 0):
 garbage-first heap   total 488448K, used 125614K [0x0000000080000000, 0x0000000100000000)
  region size 1024K, 3 young (3072K), 3 survivors (3072K)
 Metaspace       used 166775K, committed 171456K, reserved 1376256K
  class space    used 21207K, committed 23360K, reserved 1048576K
}
Event: 14679.674 GC heap before
{Heap before GC invocations=256 (full 0):
 garbage-first heap   total 488448K, used 202414K [0x0000000080000000, 0x0000000100000000)
  region size 1024K, 80 young (81920K), 3 survivors (3072K)
 Metaspace       used 166785K, committed 171456K, reserved 1376256K
  class space    used 21207K, committed 23360K, reserved 1048576K
}
Event: 14679.678 GC heap after
{Heap after GC invocations=257 (full 0):
 garbage-first heap   total 488448K, used 129081K [0x0000000080000000, 0x0000000100000000)
  region size 1024K, 6 young (6144K), 6 survivors (6144K)
 Metaspace       used 166785K, committed 171456K, reserved 1376256K
  class space    used 21207K, committed 23360K, reserved 1048576K
}
Event: 22588.363 GC heap before
{Heap before GC invocations=258 (full 0):
 garbage-first heap   total 478208K, used 395321K [0x0000000080000000, 0x0000000100000000)
  region size 1024K, 244 young (249856K), 6 survivors (6144K)
 Metaspace       used 167041K, committed 171520K, reserved 1376256K
  class space    used 21238K, committed 23360K, reserved 1048576K
}
Event: 22588.384 GC heap after
{Heap after GC invocations=259 (full 0):
 garbage-first heap   total 478208K, used 127759K [0x0000000080000000, 0x0000000100000000)
  region size 1024K, 5 young (5120K), 5 survivors (5120K)
 Metaspace       used 167041K, committed 171520K, reserved 1376256K
  class space    used 21238K, committed 23360K, reserved 1048576K
}
Event: 22588.734 GC heap before
{Heap before GC invocations=259 (full 0):
 garbage-first heap   total 478208K, used 146191K [0x0000000080000000, 0x0000000100000000)
  region size 1024K, 23 young (23552K), 5 survivors (5120K)
 Metaspace       used 167060K, committed 171520K, reserved 1376256K
  class space    used 21238K, committed 23360K, reserved 1048576K
}
Event: 22588.771 GC heap after
{Heap after GC invocations=260 (full 0):
 garbage-first heap   total 478208K, used 128203K [0x0000000080000000, 0x0000000100000000)
  region size 1024K, 3 young (3072K), 3 survivors (3072K)
 Metaspace       used 167060K, committed 171520K, reserved 1376256K
  class space    used 21238K, committed 23360K, reserved 1048576K
}
Event: 22588.919 GC heap before
{Heap before GC invocations=260 (full 0):
 garbage-first heap   total 478208K, used 148683K [0x0000000080000000, 0x0000000100000000)
  region size 1024K, 25 young (25600K), 3 survivors (3072K)
 Metaspace       used 167060K, committed 171520K, reserved 1376256K
  class space    used 21238K, committed 23360K, reserved 1048576K
}
Event: 22588.932 GC heap after
{Heap after GC invocations=261 (full 0):
 garbage-first heap   total 1126400K, used 130578K [0x0000000080000000, 0x0000000100000000)
  region size 1024K, 6 young (6144K), 6 survivors (6144K)
 Metaspace       used 167060K, committed 171520K, reserved 1376256K
  class space    used 21238K, committed 23360K, reserved 1048576K
}

